<?xml version="1.0" encoding="UTF-8"?>
<!-- Generated by org.testng.reporters.JUnitXMLReporter -->
<testsuite ignored="0" hostname="DESKTOP-BAMVBH7" failures="0" tests="7" name="Default test" time="55.511" errors="0" timestamp="2023-12-06T11:30:23 IST">
  <testcase classname="TestRunner.TestRnr" name="chromeicon" time="4.036"/>
  <testcase classname="TestRunner.TestRnr" name="dropdownbtn" time="2.76"/>
  <testcase classname="TestRunner.TestRnr" name="taphello" time="3.784"/>
  <testcase classname="TestRunner.TestRnr" name="textname" time="4.299"/>
  <testcase classname="TestRunner.TestRnr" name="selectdropdwnbtn" time="3.178"/>
  <testcase classname="TestRunner.TestRnr" name="tapmercedes" time="5.865"/>
  <testcase classname="TestRunner.TestRnr" name="submit" time="2.657"/>
</testsuite> <!-- Default test -->
